# JRE version: OpenJDK Runtime Environment JBR-17.0.8.1+7-1059.3-nomod (17.0.8.1+7) (build 17.0.8.1+7-b1059.3)
# Java VM: OpenJDK 64-Bit Server VM JBR-17.0.8.1+7-1059.3-nomod (17.0.8.1+7-b1059.3, mixed mode, tiered, compressed oops, compressed class ptrs, g1 gc, windows-amd64)
GC Precious Log:
 CPUs: 8 total, 8 available
 Memory: 16177M
 Large Page Support: Disabled
 NUMA Support: Disabled
 Compressed Oops: Enabled (Zero based)
 Heap Region Size: 2M
 Heap Min Capacity: 8M
 Heap Initial Capacity: 254M
 Heap Max Capacity: 4046M
 Pre-touch: Disabled
 Parallel Workers: 8
 Concurrent Workers: 2
 Concurrent Refinement Workers: 8
 Periodic GC: Disabled
Heap:
 garbage-first heap   total 477184K, used 230639K [0x0000000703200000, 0x0000000800000000)
  region size 2048K, 7 young (14336K), 4 survivors (8192K)
 Metaspace       used 34877K, committed 35200K, reserved 1114112K
  class space    used 4442K, committed 4608K, reserved 1048576K
GC Heap History (20 events):
Event: 1.437 GC heap before
{Heap before GC invocations=2 (full 0):
 garbage-first heap   total 260096K, used 100087K [0x0000000703200000, 0x0000000800000000)
  region size 2048K, 15 young (30720K), 3 survivors (6144K)
 Metaspace       used 21275K, committed 21504K, reserved 1114112K
  class space    used 2384K, committed 2496K, reserved 1048576K
}
Event: 1.441 GC heap after
{Heap after GC invocations=3 (full 0):
 garbage-first heap   total 260096K, used 81514K [0x0000000703200000, 0x0000000800000000)
  region size 2048K, 5 young (10240K), 5 survivors (10240K)
 Metaspace       used 21275K, committed 21504K, reserved 1114112K
  class space    used 2384K, committed 2496K, reserved 1048576K
}
Event: 5.306 GC heap before
{Heap before GC invocations=4 (full 0):
 garbage-first heap   total 260096K, used 126570K [0x0000000703200000, 0x0000000800000000)
  region size 2048K, 22 young (45056K), 5 survivors (10240K)
 Metaspace       used 29245K, committed 29568K, reserved 1114112K
  class space    used 3636K, committed 3776K, reserved 1048576K
}
Event: 5.312 GC heap after
{Heap after GC invocations=5 (full 0):
 garbage-first heap   total 260096K, used 26651K [0x0000000703200000, 0x0000000800000000)
  region size 2048K, 4 young (8192K), 4 survivors (8192K)
 Metaspace       used 29245K, committed 29568K, reserved 1114112K
  class space    used 3636K, committed 3776K, reserved 1048576K
}
Event: 25.453 GC heap before
{Heap before GC invocations=5 (full 0):
 garbage-first heap   total 333824K, used 155675K [0x0000000703200000, 0x0000000800000000)
  region size 2048K, 10 young (20480K), 4 survivors (8192K)
 Metaspace       used 30994K, committed 31232K, reserved 1114112K
  class space    used 3802K, committed 3904K, reserved 1048576K
}
Event: 25.459 GC heap after
{Heap after GC invocations=6 (full 0):
 garbage-first heap   total 333824K, used 16870K [0x0000000703200000, 0x0000000800000000)
  region size 2048K, 4 young (8192K), 4 survivors (8192K)
 Metaspace       used 30994K, committed 31232K, reserved 1114112K
  class space    used 3802K, committed 3904K, reserved 1048576K
}
Event: 29.336 GC heap before
{Heap before GC invocations=6 (full 0):
 garbage-first heap   total 333824K, used 135654K [0x0000000703200000, 0x0000000800000000)
  region size 2048K, 9 young (18432K), 4 survivors (8192K)
 Metaspace       used 31388K, committed 31616K, reserved 1114112K
  class space    used 3826K, committed 3904K, reserved 1048576K
}
Event: 29.340 GC heap after
{Heap after GC invocations=7 (full 0):
 garbage-first heap   total 333824K, used 128539K [0x0000000703200000, 0x0000000800000000)
  region size 2048K, 4 young (8192K), 4 survivors (8192K)
 Metaspace       used 31388K, committed 31616K, reserved 1114112K
  class space    used 3826K, committed 3904K, reserved 1048576K
}
Event: 29.426 GC heap before
{Heap before GC invocations=7 (full 0):
 garbage-first heap   total 333824K, used 165403K [0x0000000703200000, 0x0000000800000000)
  region size 2048K, 5 young (10240K), 4 survivors (8192K)
 Metaspace       used 31390K, committed 31616K, reserved 1114112K
  class space    used 3826K, committed 3904K, reserved 1048576K
}
Event: 29.430 GC heap after
{Heap after GC invocations=8 (full 0):
 garbage-first heap   total 333824K, used 165403K [0x0000000703200000, 0x0000000800000000)
  region size 2048K, 4 young (8192K), 4 survivors (8192K)
 Metaspace       used 31390K, committed 31616K, reserved 1114112K
  class space    used 3826K, committed 3904K, reserved 1048576K
}
Event: 29.619 GC heap before
{Heap before GC invocations=9 (full 0):
 garbage-first heap   total 333824K, used 181787K [0x0000000703200000, 0x0000000800000000)
  region size 2048K, 8 young (16384K), 4 survivors (8192K)
 Metaspace       used 32493K, committed 32768K, reserved 1114112K
  class space    used 4036K, committed 4160K, reserved 1048576K
}
Event: 29.623 GC heap after
{Heap after GC invocations=10 (full 0):
 garbage-first heap   total 333824K, used 176475K [0x0000000703200000, 0x0000000800000000)
  region size 2048K, 5 young (10240K), 5 survivors (10240K)
 Metaspace       used 32493K, committed 32768K, reserved 1114112K
  class space    used 4036K, committed 4160K, reserved 1048576K
}
Event: 122.526 GC heap before
{Heap before GC invocations=11 (full 0):
 garbage-first heap   total 333824K, used 190811K [0x0000000703200000, 0x0000000800000000)
  region size 2048K, 11 young (22528K), 5 survivors (10240K)
 Metaspace       used 33348K, committed 33664K, reserved 1114112K
  class space    used 4146K, committed 4288K, reserved 1048576K
}
Event: 122.530 GC heap after
{Heap after GC invocations=12 (full 0):
 garbage-first heap   total 333824K, used 67026K [0x0000000703200000, 0x0000000800000000)
  region size 2048K, 4 young (8192K), 4 survivors (8192K)
 Metaspace       used 33348K, committed 33664K, reserved 1114112K
  class space    used 4146K, committed 4288K, reserved 1048576K
}
Event: 127.757 GC heap before
{Heap before GC invocations=12 (full 0):
 garbage-first heap   total 333824K, used 136658K [0x0000000703200000, 0x0000000800000000)
  region size 2048K, 13 young (26624K), 4 survivors (8192K)
 Metaspace       used 34793K, committed 35008K, reserved 1114112K
  class space    used 4438K, committed 4544K, reserved 1048576K
}
Event: 127.761 GC heap after
{Heap after GC invocations=13 (full 0):
 garbage-first heap   total 333824K, used 115871K [0x0000000703200000, 0x0000000800000000)
  region size 2048K, 4 young (8192K), 4 survivors (8192K)
 Metaspace       used 34793K, committed 35008K, reserved 1114112K
  class space    used 4438K, committed 4544K, reserved 1048576K
}
Event: 127.837 GC heap before
{Heap before GC invocations=13 (full 0):
 garbage-first heap   total 333824K, used 152735K [0x0000000703200000, 0x0000000800000000)
  region size 2048K, 5 young (10240K), 4 survivors (8192K)
 Metaspace       used 34798K, committed 35072K, reserved 1114112K
  class space    used 4438K, committed 4544K, reserved 1048576K
}
Event: 127.840 GC heap after
{Heap after GC invocations=14 (full 0):
 garbage-first heap   total 333824K, used 152803K [0x0000000703200000, 0x0000000800000000)
  region size 2048K, 4 young (8192K), 4 survivors (8192K)
 Metaspace       used 34798K, committed 35072K, reserved 1114112K
  class space    used 4438K, committed 4544K, reserved 1048576K
}
Event: 127.918 GC heap before
{Heap before GC invocations=14 (full 0):
 garbage-first heap   total 333824K, used 163043K [0x0000000703200000, 0x0000000800000000)
  region size 2048K, 5 young (10240K), 4 survivors (8192K)
 Metaspace       used 34810K, committed 35136K, reserved 1114112K
  class space    used 4440K, committed 4608K, reserved 1048576K
}
Event: 127.922 GC heap after
{Heap after GC invocations=15 (full 0):
 garbage-first heap   total 477184K, used 163055K [0x0000000703200000, 0x0000000800000000)
  region size 2048K, 4 young (8192K), 4 survivors (8192K)
 Metaspace       used 34810K, committed 35136K, reserved 1114112K
  class space    used 4440K, committed 4608K, reserved 1048576K
}

