# JRE version: OpenJDK Runtime Environment JBR-17.0.8.1+7-1059.3-nomod (17.0.8.1+7) (build 17.0.8.1+7-b1059.3)
# Java VM: OpenJDK 64-Bit Server VM JBR-17.0.8.1+7-1059.3-nomod (17.0.8.1+7-b1059.3, mixed mode, tiered, compressed oops, compressed class ptrs, g1 gc, windows-amd64)
GC Precious Log:
 CPUs: 8 total, 8 available
 Memory: 16177M
 Large Page Support: Disabled
 NUMA Support: Disabled
 Compressed Oops: Enabled (Zero based)
 Heap Region Size: 2M
 Heap Min Capacity: 8M
 Heap Initial Capacity: 254M
 Heap Max Capacity: 4046M
 Pre-touch: Disabled
 Parallel Workers: 8
 Concurrent Workers: 2
 Concurrent Refinement Workers: 8
 Periodic GC: Disabled
Heap:
 garbage-first heap   total 448512K, used 208001K [0x0000000703200000, 0x0000000800000000)
  region size 2048K, 9 young (18432K), 2 survivors (4096K)
 Metaspace       used 49198K, committed 49728K, reserved 1114112K
  class space    used 6325K, committed 6592K, reserved 1048576K
GC Heap History (20 events):
Event: 5.855 GC heap before
{Heap before GC invocations=4 (full 0):
 garbage-first heap   total 260096K, used 126895K [0x0000000703200000, 0x0000000800000000)
  region size 2048K, 22 young (45056K), 5 survivors (10240K)
 Metaspace       used 29247K, committed 29504K, reserved 1114112K
  class space    used 3631K, committed 3776K, reserved 1048576K
}
Event: 5.860 GC heap after
{Heap after GC invocations=5 (full 0):
 garbage-first heap   total 260096K, used 26437K [0x0000000703200000, 0x0000000800000000)
  region size 2048K, 6 young (12288K), 6 survivors (12288K)
 Metaspace       used 29247K, committed 29504K, reserved 1114112K
  class space    used 3631K, committed 3776K, reserved 1048576K
}
Event: 23.212 GC heap before
{Heap before GC invocations=5 (full 0):
 garbage-first heap   total 333824K, used 155461K [0x0000000703200000, 0x0000000800000000)
  region size 2048K, 12 young (24576K), 6 survivors (12288K)
 Metaspace       used 30985K, committed 31232K, reserved 1114112K
  class space    used 3798K, committed 3904K, reserved 1048576K
}
Event: 23.218 GC heap after
{Heap after GC invocations=6 (full 0):
 garbage-first heap   total 333824K, used 17172K [0x0000000703200000, 0x0000000800000000)
  region size 2048K, 4 young (8192K), 4 survivors (8192K)
 Metaspace       used 30985K, committed 31232K, reserved 1114112K
  class space    used 3798K, committed 3904K, reserved 1048576K
}
Event: 29.074 GC heap before
{Heap before GC invocations=6 (full 0):
 garbage-first heap   total 333824K, used 135956K [0x0000000703200000, 0x0000000800000000)
  region size 2048K, 9 young (18432K), 4 survivors (8192K)
 Metaspace       used 31495K, committed 31744K, reserved 1114112K
  class space    used 3839K, committed 3968K, reserved 1048576K
}
Event: 29.078 GC heap after
{Heap after GC invocations=7 (full 0):
 garbage-first heap   total 333824K, used 128921K [0x0000000703200000, 0x0000000800000000)
  region size 2048K, 5 young (10240K), 5 survivors (10240K)
 Metaspace       used 31495K, committed 31744K, reserved 1114112K
  class space    used 3839K, committed 3968K, reserved 1048576K
}
Event: 29.163 GC heap before
{Heap before GC invocations=7 (full 0):
 garbage-first heap   total 333824K, used 165785K [0x0000000703200000, 0x0000000800000000)
  region size 2048K, 6 young (12288K), 5 survivors (10240K)
 Metaspace       used 31495K, committed 31744K, reserved 1114112K
  class space    used 3839K, committed 3968K, reserved 1048576K
}
Event: 29.167 GC heap after
{Heap after GC invocations=8 (full 0):
 garbage-first heap   total 333824K, used 165568K [0x0000000703200000, 0x0000000800000000)
  region size 2048K, 4 young (8192K), 4 survivors (8192K)
 Metaspace       used 31495K, committed 31744K, reserved 1114112K
  class space    used 3839K, committed 3968K, reserved 1048576K
}
Event: 29.441 GC heap before
{Heap before GC invocations=9 (full 0):
 garbage-first heap   total 333824K, used 188096K [0x0000000703200000, 0x0000000800000000)
  region size 2048K, 11 young (22528K), 4 survivors (8192K)
 Metaspace       used 33360K, committed 33664K, reserved 1114112K
  class space    used 4232K, committed 4352K, reserved 1048576K
}
Event: 29.445 GC heap after
{Heap after GC invocations=10 (full 0):
 garbage-first heap   total 333824K, used 177087K [0x0000000703200000, 0x0000000800000000)
  region size 2048K, 5 young (10240K), 5 survivors (10240K)
 Metaspace       used 33360K, committed 33664K, reserved 1114112K
  class space    used 4232K, committed 4352K, reserved 1048576K
}
Event: 31.470 GC heap before
{Heap before GC invocations=11 (full 0):
 garbage-first heap   total 333824K, used 189375K [0x0000000703200000, 0x0000000800000000)
  region size 2048K, 9 young (18432K), 5 survivors (10240K)
 Metaspace       used 34029K, committed 34304K, reserved 1114112K
  class space    used 4325K, committed 4480K, reserved 1048576K
}
Event: 31.479 GC heap after
{Heap after GC invocations=12 (full 0):
 garbage-first heap   total 333824K, used 67696K [0x0000000703200000, 0x0000000800000000)
  region size 2048K, 4 young (8192K), 4 survivors (8192K)
 Metaspace       used 34029K, committed 34304K, reserved 1114112K
  class space    used 4325K, committed 4480K, reserved 1048576K
}
Event: 40.080 GC heap before
{Heap before GC invocations=12 (full 0):
 garbage-first heap   total 333824K, used 227440K [0x0000000703200000, 0x0000000800000000)
  region size 2048K, 41 young (83968K), 4 survivors (8192K)
 Metaspace       used 45794K, committed 46272K, reserved 1114112K
  class space    used 5903K, committed 6144K, reserved 1048576K
}
Event: 40.089 GC heap after
{Heap after GC invocations=13 (full 0):
 garbage-first heap   total 333824K, used 111628K [0x0000000703200000, 0x0000000800000000)
  region size 2048K, 9 young (18432K), 9 survivors (18432K)
 Metaspace       used 45794K, committed 46272K, reserved 1114112K
  class space    used 5903K, committed 6144K, reserved 1048576K
}
Event: 71.580 GC heap before
{Heap before GC invocations=13 (full 0):
 garbage-first heap   total 333824K, used 160780K [0x0000000703200000, 0x0000000800000000)
  region size 2048K, 23 young (47104K), 9 survivors (18432K)
 Metaspace       used 48583K, committed 49088K, reserved 1114112K
  class space    used 6241K, committed 6464K, reserved 1048576K
}
Event: 71.587 GC heap after
{Heap after GC invocations=14 (full 0):
 garbage-first heap   total 333824K, used 116850K [0x0000000703200000, 0x0000000800000000)
  region size 2048K, 2 young (4096K), 2 survivors (4096K)
 Metaspace       used 48583K, committed 49088K, reserved 1114112K
  class space    used 6241K, committed 6464K, reserved 1048576K
}
Event: 71.664 GC heap before
{Heap before GC invocations=14 (full 0):
 garbage-first heap   total 333824K, used 153714K [0x0000000703200000, 0x0000000800000000)
  region size 2048K, 3 young (6144K), 2 survivors (4096K)
 Metaspace       used 48583K, committed 49088K, reserved 1114112K
  class space    used 6241K, committed 6464K, reserved 1048576K
}
Event: 71.666 GC heap after
{Heap after GC invocations=15 (full 0):
 garbage-first heap   total 333824K, used 153087K [0x0000000703200000, 0x0000000800000000)
  region size 2048K, 1 young (2048K), 1 survivors (2048K)
 Metaspace       used 48583K, committed 49088K, reserved 1114112K
  class space    used 6241K, committed 6464K, reserved 1048576K
}
Event: 88.418 GC heap before
{Heap before GC invocations=16 (full 0):
 garbage-first heap   total 333824K, used 157183K [0x0000000703200000, 0x0000000800000000)
  region size 2048K, 8 young (16384K), 1 survivors (2048K)
 Metaspace       used 49094K, committed 49600K, reserved 1114112K
  class space    used 6323K, committed 6592K, reserved 1048576K
}
Event: 88.420 GC heap after
{Heap after GC invocations=17 (full 0):
 garbage-first heap   total 448512K, used 142465K [0x0000000703200000, 0x0000000800000000)
  region size 2048K, 2 young (4096K), 2 survivors (4096K)
 Metaspace       used 49094K, committed 49600K, reserved 1114112K
  class space    used 6323K, committed 6592K, reserved 1048576K
}

